  Element.cpp
c:\users\david\desktop\oop\oop\oop game\game.h(6): fatal error C1083: Cannot open include file: 'SDL.h': No such file or directory
  Game.cpp
c:\users\david\desktop\oop\oop\oop game\game.h(6): fatal error C1083: Cannot open include file: 'SDL.h': No such file or directory
  Instructions.cpp
c:\users\david\desktop\oop\oop\oop game\game.h(6): fatal error C1083: Cannot open include file: 'SDL.h': No such file or directory
  Keyboard.cpp
c:\users\david\desktop\oop\oop\oop game\game.h(6): fatal error C1083: Cannot open include file: 'SDL.h': No such file or directory
  Main.cpp
c:\users\david\desktop\oop\oop\oop game\game.h(6): fatal error C1083: Cannot open include file: 'SDL.h': No such file or directory
  Menu.cpp
c:\users\david\desktop\oop\oop\oop game\game.h(6): fatal error C1083: Cannot open include file: 'SDL.h': No such file or directory
  Mouse.cpp
c:\users\david\desktop\oop\oop\oop game\game.h(6): fatal error C1083: Cannot open include file: 'SDL.h': No such file or directory
  Player.cpp
c:\users\david\desktop\oop\oop\oop game\game.h(6): fatal error C1083: Cannot open include file: 'SDL.h': No such file or directory
  Score.cpp
c:\users\david\desktop\oop\oop\oop game\game.h(6): fatal error C1083: Cannot open include file: 'SDL.h': No such file or directory
  TextureManager.cpp
c:\users\david\desktop\oop\oop\oop game\game.h(6): fatal error C1083: Cannot open include file: 'SDL.h': No such file or directory
