e:\visual studio\oop game\oop game\oop game\debug\vc141.pdb
e:\visual studio\oop game\oop game\oop game\debug\vc141.idb
e:\visual studio\oop game\oop game\oop game\debug\game.obj
e:\visual studio\oop game\oop game\oop game\debug\texturemanager.obj
e:\visual studio\oop game\oop game\oop game\debug\score.obj
e:\visual studio\oop game\oop game\oop game\debug\player.obj
e:\visual studio\oop game\oop game\oop game\debug\mouse.obj
e:\visual studio\oop game\oop game\oop game\debug\main.obj
e:\visual studio\oop game\oop game\oop game\debug\keyboard.obj
e:\visual studio\oop game\oop game\oop game\debug\element.obj
e:\visual studio\oop game\oop game\oop game\debug\instructions.obj
e:\visual studio\oop game\oop game\oop game\debug\menu.obj
c:\users\david\desktop\oop game\oop game\oop game\debug\vc141.pdb
c:\users\david\desktop\oop game\oop game\oop game\debug\vc141.idb
c:\users\david\desktop\oop game\oop game\oop game\debug\texturemanager.obj
c:\users\david\desktop\oop game\oop game\oop game\debug\score.obj
c:\users\david\desktop\oop game\oop game\oop game\debug\player.obj
c:\users\david\desktop\oop game\oop game\oop game\debug\mouse.obj
c:\users\david\desktop\oop game\oop game\oop game\debug\menu.obj
c:\users\david\desktop\oop game\oop game\oop game\debug\main.obj
c:\users\david\desktop\oop game\oop game\oop game\debug\keyboard.obj
c:\users\david\desktop\oop game\oop game\oop game\debug\instructions.obj
c:\users\david\desktop\oop game\oop game\oop game\debug\game.obj
c:\users\david\desktop\oop game\oop game\oop game\debug\element.obj
e:\visual studio\oop game\oop game\debug\oop game.exe
e:\visual studio\oop game\oop game\debug\oop game.ilk
e:\visual studio\oop game\oop game\debug\oop game.pdb
c:\users\david\desktop\oop game\oop game\debug\oop game.exe
c:\users\david\desktop\oop game\oop game\debug\oop game.ilk
c:\users\david\desktop\oop game\oop game\debug\oop game.pdb
c:\users\david\desktop\oop\oop\debug\oop game.ilk
c:\users\david\desktop\oop\oop\debug\oop game.exe
c:\users\david\desktop\oop\oop\debug\oop game.pdb
c:\users\david\desktop\oop\oop\oop game\debug\element.obj
c:\users\david\desktop\oop\oop\oop game\debug\game.obj
c:\users\david\desktop\oop\oop\oop game\debug\instructions.obj
c:\users\david\desktop\oop\oop\oop game\debug\keyboard.obj
c:\users\david\desktop\oop\oop\oop game\debug\main.obj
c:\users\david\desktop\oop\oop\oop game\debug\menu.obj
c:\users\david\desktop\oop\oop\oop game\debug\mouse.obj
c:\users\david\desktop\oop\oop\oop game\debug\player.obj
c:\users\david\desktop\oop\oop\oop game\debug\score.obj
c:\users\david\desktop\oop\oop\oop game\debug\texturemanager.obj
c:\users\david\desktop\oop\oop\oop game\debug\vc141.idb
c:\users\david\desktop\oop\oop\oop game\debug\vc141.pdb
c:\users\david\desktop\oop\oop\oop game\debug\oop game.tlog\cl.command.1.tlog
c:\users\david\desktop\oop\oop\oop game\debug\oop game.tlog\cl.write.1.tlog
c:\users\david\desktop\oop\oop\oop game\debug\oop game.tlog\link.command.1.tlog
c:\users\david\desktop\oop\oop\oop game\debug\oop game.tlog\link.read.1.tlog
c:\users\david\desktop\oop\oop\oop game\debug\oop game.tlog\link.write.1.tlog
